[debug] [2023-09-25T11:34:49.024Z] ----------------------------------------------------------------------
[debug] [2023-09-25T11:34:49.026Z] Command:       C:\Program Files\nodejs\node.exe C:\Users\WarGod\AppData\Roaming\npm\node_modules\firebase-tools\lib\bin\firebase.js emulators:start
[debug] [2023-09-25T11:34:49.026Z] CLI Version:   12.5.4
[debug] [2023-09-25T11:34:49.026Z] Platform:      win32
[debug] [2023-09-25T11:34:49.027Z] Node Version:  v18.15.0
[debug] [2023-09-25T11:34:49.027Z] Time:          Mon Sep 25 2023 17:04:49 GMT+0530 (India Standard Time)
[debug] [2023-09-25T11:34:49.028Z] ----------------------------------------------------------------------
[debug] 
[debug] [2023-09-25T11:34:49.142Z] > command requires scopes: ["email","openid","https://www.googleapis.com/auth/cloudplatformprojects.readonly","https://www.googleapis.com/auth/firebase","https://www.googleapis.com/auth/cloud-platform"]
[debug] [2023-09-25T11:34:49.142Z] > authorizing via signed-in user (krishna.kisku30@gmail.com)
[info] i  emulators: Starting emulators: functions, hosting {"metadata":{"emulator":{"name":"hub"},"message":"Starting emulators: functions, hosting"}}
[debug] [2023-09-25T11:34:49.160Z] [logging] Logging Emulator only supports listening on one address (127.0.0.1). Not listening on ::1
[debug] [2023-09-25T11:34:49.160Z] [hosting] Hosting Emulator only supports listening on one address (127.0.0.1). Not listening on ::1
[warn] !  ui: Emulator UI unable to start on port 4000, starting on 4001 instead. {"metadata":{"emulator":{"name":"ui"},"message":"Emulator UI unable to start on port 4000, starting on 4001 instead."}}
[debug] [2023-09-25T11:34:49.162Z] assigned listening specs for emulators {"user":{"hub":[{"address":"127.0.0.1","family":"IPv4","port":4400},{"address":"::1","family":"IPv6","port":4400}],"logging":[{"address":"127.0.0.1","family":"IPv4","port":4500}],"hosting":[{"address":"127.0.0.1","family":"IPv4","port":5000}],"ui":[{"address":"127.0.0.1","family":"IPv4","port":4001},{"address":"::1","family":"IPv6","port":4001}]},"metadata":{"message":"assigned listening specs for emulators"}}
[debug] [2023-09-25T11:34:49.175Z] [hub] writing locator at C:\Users\WarGod\AppData\Local\Temp\hub-clone-a1d91.json
[debug] [2023-09-25T11:34:49.198Z] [functions] Functions Emulator only supports listening on one address (127.0.0.1). Not listening on ::1
[debug] [2023-09-25T11:34:49.198Z] [eventarc] Eventarc Emulator only supports listening on one address (127.0.0.1). Not listening on ::1
[debug] [2023-09-25T11:34:49.198Z] late-assigned ports for functions and eventarc emulators {"user":{"hub":[{"address":"127.0.0.1","family":"IPv4","port":4400},{"address":"::1","family":"IPv6","port":4400}],"logging":[{"address":"127.0.0.1","family":"IPv4","port":4500}],"hosting":[{"address":"127.0.0.1","family":"IPv4","port":5000}],"ui":[{"address":"127.0.0.1","family":"IPv4","port":4001},{"address":"::1","family":"IPv6","port":4001}],"functions":[{"address":"127.0.0.1","family":"IPv4","port":5001}],"eventarc":[{"address":"127.0.0.1","family":"IPv4","port":9299}]},"metadata":{"message":"late-assigned ports for functions and eventarc emulators"}}
[warn] !  functions: The following emulators are not running, calls to these services from the Functions emulator will affect production: auth, firestore, database, pubsub, storage {"metadata":{"emulator":{"name":"functions"},"message":"The following emulators are not running, calls to these services from the Functions emulator will affect production: \u001b[1mauth, firestore, database, pubsub, storage\u001b[22m"}}
[debug] [2023-09-25T11:34:49.202Z] defaultcredentials: writing to file C:\Users\WarGod\AppData\Roaming\firebase\krishna_kisku30_gmail.com_application_default_credentials.json
[debug] [2023-09-25T11:34:49.206Z] Setting GAC to C:\Users\WarGod\AppData\Roaming\firebase\krishna_kisku30_gmail.com_application_default_credentials.json {"metadata":{"emulator":{"name":"functions"},"message":"Setting GAC to C:\\Users\\WarGod\\AppData\\Roaming\\firebase\\krishna_kisku30_gmail.com_application_default_credentials.json"}}
[debug] [2023-09-25T11:34:49.208Z] > refreshing access token with scopes: []
[debug] [2023-09-25T11:34:49.210Z] >>> [apiv2][query] POST https://www.googleapis.com/oauth2/v3/token [none]
[debug] [2023-09-25T11:34:49.210Z] >>> [apiv2][body] POST https://www.googleapis.com/oauth2/v3/token [omitted]
[debug] [2023-09-25T11:34:49.546Z] <<< [apiv2][status] POST https://www.googleapis.com/oauth2/v3/token 200
[debug] [2023-09-25T11:34:49.546Z] <<< [apiv2][body] POST https://www.googleapis.com/oauth2/v3/token [omitted]
[debug] [2023-09-25T11:34:49.554Z] >>> [apiv2][query] GET https://firebase.googleapis.com/v1beta1/projects/clone-a1d91/adminSdkConfig [none]
[debug] [2023-09-25T11:34:50.182Z] <<< [apiv2][status] GET https://firebase.googleapis.com/v1beta1/projects/clone-a1d91/adminSdkConfig 200
[debug] [2023-09-25T11:34:50.183Z] <<< [apiv2][body] GET https://firebase.googleapis.com/v1beta1/projects/clone-a1d91/adminSdkConfig {"projectId":"clone-a1d91","storageBucket":"clone-a1d91.appspot.com"}
[debug] [2023-09-25T11:34:50.198Z] >>> [apiv2][query] GET https://firebasehosting.googleapis.com/v1beta1/projects/clone-a1d91/sites 
[debug] [2023-09-25T11:34:51.577Z] <<< [apiv2][status] GET https://firebasehosting.googleapis.com/v1beta1/projects/clone-a1d91/sites 200
[debug] [2023-09-25T11:34:51.578Z] <<< [apiv2][body] GET https://firebasehosting.googleapis.com/v1beta1/projects/clone-a1d91/sites {"sites":[{"name":"projects/clone-a1d91/sites/clone-a1d91","defaultUrl":"https://clone-a1d91.web.app","appId":"1:196578420943:web:6ac1bd478d4455824c2fba","type":"DEFAULT_SITE"}]}
[debug] [2023-09-25T11:34:51.578Z] >>> [apiv2][query] GET https://firebase.googleapis.com/v1beta1/projects/clone-a1d91/webApps/1:196578420943:web:6ac1bd478d4455824c2fba/config [none]
[debug] [2023-09-25T11:34:52.801Z] <<< [apiv2][status] GET https://firebase.googleapis.com/v1beta1/projects/clone-a1d91/webApps/1:196578420943:web:6ac1bd478d4455824c2fba/config 200
[debug] [2023-09-25T11:34:52.801Z] <<< [apiv2][body] GET https://firebase.googleapis.com/v1beta1/projects/clone-a1d91/webApps/1:196578420943:web:6ac1bd478d4455824c2fba/config {"projectId":"clone-a1d91","appId":"1:196578420943:web:6ac1bd478d4455824c2fba","storageBucket":"clone-a1d91.appspot.com","apiKey":"AIzaSyCez5hOnGYHpk_R1LK-25ePAZd_whNGbN8","authDomain":"clone-a1d91.firebaseapp.com","messagingSenderId":"196578420943","measurementId":"G-R0YSKVKCMW"}
[debug] [2023-09-25T11:34:52.811Z] >>> [apiv2][query] GET https://firebase.googleapis.com/v1beta1/projects/clone-a1d91 [none]
[debug] [2023-09-25T11:34:53.355Z] <<< [apiv2][status] GET https://firebase.googleapis.com/v1beta1/projects/clone-a1d91 200
[debug] [2023-09-25T11:34:53.356Z] <<< [apiv2][body] GET https://firebase.googleapis.com/v1beta1/projects/clone-a1d91 {"projectId":"clone-a1d91","projectNumber":"196578420943","displayName":"amazon-clone","name":"projects/clone-a1d91","resources":{"hostingSite":"clone-a1d91"},"state":"ACTIVE","etag":"1_28c5d12f-b64e-44a2-8adb-d2b0daf267a1"}
[info] i  hosting[clone-a1d91]: Serving hosting files from: public {"metadata":{"emulator":{"name":"hosting"},"message":"Serving hosting files from: \u001b[1mpublic\u001b[22m"}}
[info] +  hosting[clone-a1d91]: Local server: http://127.0.0.1:5000 {"metadata":{"emulator":{"name":"hosting"},"message":"Local server: \u001b[4m\u001b[1mhttp://127.0.0.1:5000\u001b[22m\u001b[24m"}}
[debug] [2023-09-25T11:34:53.383Z] Ignoring unsupported arg: auto_download {"metadata":{"emulator":{"name":"ui"},"message":"Ignoring unsupported arg: auto_download"}}
[debug] [2023-09-25T11:34:53.384Z] Ignoring unsupported arg: port {"metadata":{"emulator":{"name":"ui"},"message":"Ignoring unsupported arg: port"}}
[debug] [2023-09-25T11:34:53.384Z] Starting Emulator UI with command {"binary":"node","args":["C:\\Users\\WarGod\\.cache\\firebase\\emulators\\ui-v1.11.7\\server\\server.js"],"optionalArgs":[],"joinArgs":false} {"metadata":{"emulator":{"name":"ui"},"message":"Starting Emulator UI with command {\"binary\":\"node\",\"args\":[\"C:\\\\Users\\\\WarGod\\\\.cache\\\\firebase\\\\emulators\\\\ui-v1.11.7\\\\server\\\\server.js\"],\"optionalArgs\":[],\"joinArgs\":false}"}}
[info] i  ui: Emulator UI logging to ui-debug.log {"metadata":{"emulator":{"name":"ui"},"message":"Emulator UI logging to \u001b[1mui-debug.log\u001b[22m"}}
[debug] [2023-09-25T11:34:53.518Z] Web / API server started at 127.0.0.1:4001
 {"metadata":{"emulator":{"name":"ui"},"message":"Web / API server started at 127.0.0.1:4001\n"}}
[debug] [2023-09-25T11:34:53.518Z] Web / API server started at ::1:4001
 {"metadata":{"emulator":{"name":"ui"},"message":"Web / API server started at ::1:4001\n"}}
[info] i  functions: Watching "C:\WorkPlace\Projects\amazon-clone\functions" for Cloud Functions... {"metadata":{"emulator":{"name":"functions"},"message":"Watching \"C:\\WorkPlace\\Projects\\amazon-clone\\functions\" for Cloud Functions..."}}
[debug] [2023-09-25T11:34:53.663Z] Validating nodejs source
[debug] [2023-09-25T11:34:55.618Z] > [functions] package.json contents: {
  "name": "functions",
  "description": "Cloud Functions for Firebase",
  "scripts": {
    "lint": "eslint .",
    "serve": "firebase emulators:start --only functions",
    "shell": "firebase functions:shell",
    "start": "npm run shell",
    "deploy": "firebase deploy --only functions",
    "logs": "firebase functions:log"
  },
  "engines": {
    "node": "18"
  },
  "main": "index.js",
  "dependencies": {
    "@stripe/react-stripe-js": "^2.3.0",
    "@stripe/stripe-js": "^2.1.6",
    "axios": "^1.5.0",
    "express": "^4.18.2",
    "firebase-admin": "^11.8.0",
    "firebase-functions": "^4.3.1",
    "stripe": "^13.7.0"
  },
  "devDependencies": {
    "eslint": "^8.15.0",
    "eslint-config-google": "^0.14.0",
    "firebase-functions-test": "^3.1.0"
  },
  "private": true
}
[debug] [2023-09-25T11:34:55.618Z] Building nodejs source
[debug] [2023-09-25T11:34:55.619Z] Failed to find version of module node: reached end of search path C:\WorkPlace\Projects\amazon-clone\functions\node_modules
[info] +  functions: Using node@18 from host. 
[debug] [2023-09-25T11:34:55.622Z] Could not find functions.yaml. Must use http discovery
[debug] [2023-09-25T11:34:55.627Z] Found firebase-functions binary at 'C:\WorkPlace\Projects\amazon-clone\functions\node_modules\.bin\firebase-functions'
[info] Serving at port 8375

[debug] [2023-09-25T11:34:56.475Z] Got response from /__/functions.yaml {"endpoints":{"api":{"platform":"gcfv1","availableMemoryMb":null,"timeoutSeconds":null,"minInstances":null,"maxInstances":null,"ingressSettings":null,"serviceAccountEmail":null,"vpc":null,"httpsTrigger":{},"entryPoint":"api"}},"specVersion":"v1alpha1","requiredAPIs":[]}
[info] shutdown requested via /__/quitquitquit

[info] +  functions: Loaded functions definitions from source: api. {"metadata":{"emulator":{"name":"functions"},"message":"Loaded functions definitions from source: api."}}
[info] +  functions[us-central1-api]: http function initialized (http://127.0.0.1:5001/clone-a1d91/us-central1/api). {"metadata":{"emulator":{"name":"functions"},"message":"\u001b[1mhttp\u001b[22m function initialized (http://127.0.0.1:5001/clone-a1d91/us-central1/api)."}}
[info] 
┌─────────────────────────────────────────────────────────────┐
│ ✔  All emulators ready! It is now safe to connect your app. │
│ i  View Emulator UI at http://127.0.0.1:4001/               │
└─────────────────────────────────────────────────────────────┘

┌───────────┬────────────────┬─────────────────────────────────┐
│ Emulator  │ Host:Port      │ View in Emulator UI             │
├───────────┼────────────────┼─────────────────────────────────┤
│ Functions │ 127.0.0.1:5001 │ http://127.0.0.1:4001/functions │
├───────────┼────────────────┼─────────────────────────────────┤
│ Hosting   │ 127.0.0.1:5000 │ n/a                             │
└───────────┴────────────────┴─────────────────────────────────┘
  Emulator Hub running at 127.0.0.1:4400
  Other reserved ports: 4500

Issues? Report them at https://github.com/firebase/firebase-tools/issues and attach the *-debug.log files.
 
[debug] [2023-09-25T11:40:11.985Z] [work-queue] {"queuedWork":["/clone-a1d91/us-central1/api/payments/create-2023-09-25T11:40:11.984Z"],"queueLength":1,"runningWork":[],"workRunningCount":0}
[debug] [2023-09-25T11:40:11.987Z] [work-queue] {"queuedWork":[],"queueLength":0,"runningWork":["/clone-a1d91/us-central1/api/payments/create-2023-09-25T11:40:11.984Z"],"workRunningCount":1}
[debug] [2023-09-25T11:40:11.988Z] Accepted request POST /clone-a1d91/us-central1/api/payments/create?total=34250544 --> us-central1-api
[debug] [2023-09-25T11:40:11.996Z] [functions] Runtime ready! Sending request! {"metadata":{"emulator":{"name":"functions"},"message":"[functions] Runtime ready! Sending request!"}}
[debug] [2023-09-25T11:40:11.997Z] [functions] Got req.url=/clone-a1d91/us-central1/api/payments/create?total=34250544, mapping to path=/payments/create?total=34250544 {"metadata":{"emulator":{"name":"functions"},"message":"[functions] Got req.url=/clone-a1d91/us-central1/api/payments/create?total=34250544, mapping to path=/payments/create?total=34250544"}}
[debug] [2023-09-25T11:40:12.018Z] [worker-pool] addWorker(us-central1-api) {"metadata":{"emulator":{"name":"functions"},"message":"[worker-pool] addWorker(us-central1-api)"}}
[debug] [2023-09-25T11:40:12.020Z] [worker-pool] Adding worker with key us-central1-api, total=1 {"metadata":{"emulator":{"name":"functions"},"message":"[worker-pool] Adding worker with key us-central1-api, total=1"}}
[debug] [2023-09-25T11:40:12.028Z] [work-queue] {"queuedWork":["/clone-a1d91/us-central1/api/payments/create-2023-09-25T11:40:12.028Z"],"queueLength":1,"runningWork":["/clone-a1d91/us-central1/api/payments/create-2023-09-25T11:40:11.984Z"],"workRunningCount":1}
[debug] [2023-09-25T11:40:12.029Z] [work-queue] {"queuedWork":[],"queueLength":0,"runningWork":["/clone-a1d91/us-central1/api/payments/create-2023-09-25T11:40:11.984Z","/clone-a1d91/us-central1/api/payments/create-2023-09-25T11:40:12.028Z"],"workRunningCount":2}
[debug] [2023-09-25T11:40:12.030Z] Accepted request POST /clone-a1d91/us-central1/api/payments/create?total=34250544 --> us-central1-api
[debug] [2023-09-25T11:40:12.035Z] [functions] Runtime ready! Sending request! {"metadata":{"emulator":{"name":"functions"},"message":"[functions] Runtime ready! Sending request!"}}
[debug] [2023-09-25T11:40:12.035Z] [functions] Got req.url=/clone-a1d91/us-central1/api/payments/create?total=34250544, mapping to path=/payments/create?total=34250544 {"metadata":{"emulator":{"name":"functions"},"message":"[functions] Got req.url=/clone-a1d91/us-central1/api/payments/create?total=34250544, mapping to path=/payments/create?total=34250544"}}
[debug] [2023-09-25T11:40:12.061Z] [worker-pool] addWorker(us-central1-api) {"metadata":{"emulator":{"name":"functions"},"message":"[worker-pool] addWorker(us-central1-api)"}}
[debug] [2023-09-25T11:40:12.063Z] [worker-pool] Adding worker with key us-central1-api, total=2 {"metadata":{"emulator":{"name":"functions"},"message":"[worker-pool] Adding worker with key us-central1-api, total=2"}}
[debug] [2023-09-25T11:40:17.022Z] [runtime-status] [22960] Resolved module firebase-admin {"declared":true,"installed":true,"version":"11.10.1","resolution":"C:\\WorkPlace\\Projects\\amazon-clone\\functions\\node_modules\\firebase-admin\\lib\\index.js"} {"metadata":{"emulator":{"name":"functions"},"function":{"name":"us-central1-api"},"extension":{},"message":"[runtime-status] [22960] Resolved module firebase-admin {\"declared\":true,\"installed\":true,\"version\":\"11.10.1\",\"resolution\":\"C:\\\\WorkPlace\\\\Projects\\\\amazon-clone\\\\functions\\\\node_modules\\\\firebase-admin\\\\lib\\\\index.js\"}"}}
[debug] [2023-09-25T11:40:17.025Z] [runtime-status] [22960] Resolved module firebase-functions {"declared":true,"installed":true,"version":"4.4.1","resolution":"C:\\WorkPlace\\Projects\\amazon-clone\\functions\\node_modules\\firebase-functions\\lib\\v1\\index.js"} {"metadata":{"emulator":{"name":"functions"},"function":{"name":"us-central1-api"},"extension":{},"message":"[runtime-status] [22960] Resolved module firebase-functions {\"declared\":true,\"installed\":true,\"version\":\"4.4.1\",\"resolution\":\"C:\\\\WorkPlace\\\\Projects\\\\amazon-clone\\\\functions\\\\node_modules\\\\firebase-functions\\\\lib\\\\v1\\\\index.js\"}"}}
[debug] [2023-09-25T11:40:17.027Z] [runtime-status] [22960] Outgoing network have been stubbed. [{"name":"http","status":"mocked"},{"name":"http","status":"mocked"},{"name":"https","status":"mocked"},{"name":"https","status":"mocked"},{"name":"net","status":"mocked"}] {"metadata":{"emulator":{"name":"functions"},"function":{"name":"us-central1-api"},"extension":{},"message":"[runtime-status] [22960] Outgoing network have been stubbed. [{\"name\":\"http\",\"status\":\"mocked\"},{\"name\":\"http\",\"status\":\"mocked\"},{\"name\":\"https\",\"status\":\"mocked\"},{\"name\":\"https\",\"status\":\"mocked\"},{\"name\":\"net\",\"status\":\"mocked\"}]"}}
[debug] [2023-09-25T11:40:17.030Z] [runtime-status] [22960] Resolved module firebase-functions {"declared":true,"installed":true,"version":"4.4.1","resolution":"C:\\WorkPlace\\Projects\\amazon-clone\\functions\\node_modules\\firebase-functions\\lib\\v1\\index.js"} {"metadata":{"emulator":{"name":"functions"},"function":{"name":"us-central1-api"},"extension":{},"message":"[runtime-status] [22960] Resolved module firebase-functions {\"declared\":true,\"installed\":true,\"version\":\"4.4.1\",\"resolution\":\"C:\\\\WorkPlace\\\\Projects\\\\amazon-clone\\\\functions\\\\node_modules\\\\firebase-functions\\\\lib\\\\v1\\\\index.js\"}"}}
[debug] [2023-09-25T11:40:17.081Z] [runtime-status] [22504] Resolved module firebase-admin {"declared":true,"installed":true,"version":"11.10.1","resolution":"C:\\WorkPlace\\Projects\\amazon-clone\\functions\\node_modules\\firebase-admin\\lib\\index.js"} {"metadata":{"emulator":{"name":"functions"},"function":{"name":"us-central1-api"},"extension":{},"message":"[runtime-status] [22504] Resolved module firebase-admin {\"declared\":true,\"installed\":true,\"version\":\"11.10.1\",\"resolution\":\"C:\\\\WorkPlace\\\\Projects\\\\amazon-clone\\\\functions\\\\node_modules\\\\firebase-admin\\\\lib\\\\index.js\"}"}}
[debug] [2023-09-25T11:40:17.088Z] [runtime-status] [22504] Resolved module firebase-functions {"declared":true,"installed":true,"version":"4.4.1","resolution":"C:\\WorkPlace\\Projects\\amazon-clone\\functions\\node_modules\\firebase-functions\\lib\\v1\\index.js"} {"metadata":{"emulator":{"name":"functions"},"function":{"name":"us-central1-api"},"extension":{},"message":"[runtime-status] [22504] Resolved module firebase-functions {\"declared\":true,\"installed\":true,\"version\":\"4.4.1\",\"resolution\":\"C:\\\\WorkPlace\\\\Projects\\\\amazon-clone\\\\functions\\\\node_modules\\\\firebase-functions\\\\lib\\\\v1\\\\index.js\"}"}}
[debug] [2023-09-25T11:40:17.089Z] [runtime-status] [22504] Outgoing network have been stubbed. [{"name":"http","status":"mocked"},{"name":"http","status":"mocked"},{"name":"https","status":"mocked"},{"name":"https","status":"mocked"},{"name":"net","status":"mocked"}] {"metadata":{"emulator":{"name":"functions"},"function":{"name":"us-central1-api"},"extension":{},"message":"[runtime-status] [22504] Outgoing network have been stubbed. [{\"name\":\"http\",\"status\":\"mocked\"},{\"name\":\"http\",\"status\":\"mocked\"},{\"name\":\"https\",\"status\":\"mocked\"},{\"name\":\"https\",\"status\":\"mocked\"},{\"name\":\"net\",\"status\":\"mocked\"}]"}}
[debug] [2023-09-25T11:40:17.096Z] [runtime-status] [22504] Resolved module firebase-functions {"declared":true,"installed":true,"version":"4.4.1","resolution":"C:\\WorkPlace\\Projects\\amazon-clone\\functions\\node_modules\\firebase-functions\\lib\\v1\\index.js"} {"metadata":{"emulator":{"name":"functions"},"function":{"name":"us-central1-api"},"extension":{},"message":"[runtime-status] [22504] Resolved module firebase-functions {\"declared\":true,\"installed\":true,\"version\":\"4.4.1\",\"resolution\":\"C:\\\\WorkPlace\\\\Projects\\\\amazon-clone\\\\functions\\\\node_modules\\\\firebase-functions\\\\lib\\\\v1\\\\index.js\"}"}}
[debug] [2023-09-25T11:40:18.213Z] [runtime-status] [22960] Checked functions.config() {"config":{}} {"metadata":{"emulator":{"name":"functions"},"function":{"name":"us-central1-api"},"extension":{},"message":"[runtime-status] [22960] Checked functions.config() {\"config\":{}}"}}
[debug] [2023-09-25T11:40:18.215Z] [runtime-status] [22960] firebase-functions has been stubbed. {"functionsResolution":{"declared":true,"installed":true,"version":"4.4.1","resolution":"C:\\WorkPlace\\Projects\\amazon-clone\\functions\\node_modules\\firebase-functions\\lib\\v1\\index.js"}} {"metadata":{"emulator":{"name":"functions"},"function":{"name":"us-central1-api"},"extension":{},"message":"[runtime-status] [22960] firebase-functions has been stubbed. {\"functionsResolution\":{\"declared\":true,\"installed\":true,\"version\":\"4.4.1\",\"resolution\":\"C:\\\\WorkPlace\\\\Projects\\\\amazon-clone\\\\functions\\\\node_modules\\\\firebase-functions\\\\lib\\\\v1\\\\index.js\"}}"}}
[debug] [2023-09-25T11:40:18.218Z] [runtime-status] [22960] Resolved module firebase-functions {"declared":true,"installed":true,"version":"4.4.1","resolution":"C:\\WorkPlace\\Projects\\amazon-clone\\functions\\node_modules\\firebase-functions\\lib\\v1\\index.js"} {"metadata":{"emulator":{"name":"functions"},"function":{"name":"us-central1-api"},"extension":{},"message":"[runtime-status] [22960] Resolved module firebase-functions {\"declared\":true,\"installed\":true,\"version\":\"4.4.1\",\"resolution\":\"C:\\\\WorkPlace\\\\Projects\\\\amazon-clone\\\\functions\\\\node_modules\\\\firebase-functions\\\\lib\\\\v1\\\\index.js\"}"}}
[debug] [2023-09-25T11:40:18.222Z] [runtime-status] [22960] Resolved module firebase-admin {"declared":true,"installed":true,"version":"11.10.1","resolution":"C:\\WorkPlace\\Projects\\amazon-clone\\functions\\node_modules\\firebase-admin\\lib\\index.js"} {"metadata":{"emulator":{"name":"functions"},"function":{"name":"us-central1-api"},"extension":{},"message":"[runtime-status] [22960] Resolved module firebase-admin {\"declared\":true,\"installed\":true,\"version\":\"11.10.1\",\"resolution\":\"C:\\\\WorkPlace\\\\Projects\\\\amazon-clone\\\\functions\\\\node_modules\\\\firebase-admin\\\\lib\\\\index.js\"}"}}
[debug] [2023-09-25T11:40:18.239Z] [runtime-status] [22960] Resolved module firebase-functions {"declared":true,"installed":true,"version":"4.4.1","resolution":"C:\\WorkPlace\\Projects\\amazon-clone\\functions\\node_modules\\firebase-functions\\lib\\v1\\index.js"} {"metadata":{"emulator":{"name":"functions"},"function":{"name":"us-central1-api"},"extension":{},"message":"[runtime-status] [22960] Resolved module firebase-functions {\"declared\":true,\"installed\":true,\"version\":\"4.4.1\",\"resolution\":\"C:\\\\WorkPlace\\\\Projects\\\\amazon-clone\\\\functions\\\\node_modules\\\\firebase-functions\\\\lib\\\\v1\\\\index.js\"}"}}
[debug] [2023-09-25T11:40:18.242Z] [runtime-status] [22960] firebase-admin has been stubbed. {"adminResolution":{"declared":true,"installed":true,"version":"11.10.1","resolution":"C:\\WorkPlace\\Projects\\amazon-clone\\functions\\node_modules\\firebase-admin\\lib\\index.js"}} {"metadata":{"emulator":{"name":"functions"},"function":{"name":"us-central1-api"},"extension":{},"message":"[runtime-status] [22960] firebase-admin has been stubbed. {\"adminResolution\":{\"declared\":true,\"installed\":true,\"version\":\"11.10.1\",\"resolution\":\"C:\\\\WorkPlace\\\\Projects\\\\amazon-clone\\\\functions\\\\node_modules\\\\firebase-admin\\\\lib\\\\index.js\"}}"}}
[debug] [2023-09-25T11:40:18.289Z] [runtime-status] [22504] Checked functions.config() {"config":{}} {"metadata":{"emulator":{"name":"functions"},"function":{"name":"us-central1-api"},"extension":{},"message":"[runtime-status] [22504] Checked functions.config() {\"config\":{}}"}}
[debug] [2023-09-25T11:40:18.290Z] [runtime-status] [22504] firebase-functions has been stubbed. {"functionsResolution":{"declared":true,"installed":true,"version":"4.4.1","resolution":"C:\\WorkPlace\\Projects\\amazon-clone\\functions\\node_modules\\firebase-functions\\lib\\v1\\index.js"}} {"metadata":{"emulator":{"name":"functions"},"function":{"name":"us-central1-api"},"extension":{},"message":"[runtime-status] [22504] firebase-functions has been stubbed. {\"functionsResolution\":{\"declared\":true,\"installed\":true,\"version\":\"4.4.1\",\"resolution\":\"C:\\\\WorkPlace\\\\Projects\\\\amazon-clone\\\\functions\\\\node_modules\\\\firebase-functions\\\\lib\\\\v1\\\\index.js\"}}"}}
[debug] [2023-09-25T11:40:18.295Z] [runtime-status] [22504] Resolved module firebase-functions {"declared":true,"installed":true,"version":"4.4.1","resolution":"C:\\WorkPlace\\Projects\\amazon-clone\\functions\\node_modules\\firebase-functions\\lib\\v1\\index.js"} {"metadata":{"emulator":{"name":"functions"},"function":{"name":"us-central1-api"},"extension":{},"message":"[runtime-status] [22504] Resolved module firebase-functions {\"declared\":true,\"installed\":true,\"version\":\"4.4.1\",\"resolution\":\"C:\\\\WorkPlace\\\\Projects\\\\amazon-clone\\\\functions\\\\node_modules\\\\firebase-functions\\\\lib\\\\v1\\\\index.js\"}"}}
[debug] [2023-09-25T11:40:18.301Z] [runtime-status] [22504] Resolved module firebase-admin {"declared":true,"installed":true,"version":"11.10.1","resolution":"C:\\WorkPlace\\Projects\\amazon-clone\\functions\\node_modules\\firebase-admin\\lib\\index.js"} {"metadata":{"emulator":{"name":"functions"},"function":{"name":"us-central1-api"},"extension":{},"message":"[runtime-status] [22504] Resolved module firebase-admin {\"declared\":true,\"installed\":true,\"version\":\"11.10.1\",\"resolution\":\"C:\\\\WorkPlace\\\\Projects\\\\amazon-clone\\\\functions\\\\node_modules\\\\firebase-admin\\\\lib\\\\index.js\"}"}}
[debug] [2023-09-25T11:40:18.314Z] [runtime-status] [22504] Resolved module firebase-functions {"declared":true,"installed":true,"version":"4.4.1","resolution":"C:\\WorkPlace\\Projects\\amazon-clone\\functions\\node_modules\\firebase-functions\\lib\\v1\\index.js"} {"metadata":{"emulator":{"name":"functions"},"function":{"name":"us-central1-api"},"extension":{},"message":"[runtime-status] [22504] Resolved module firebase-functions {\"declared\":true,\"installed\":true,\"version\":\"4.4.1\",\"resolution\":\"C:\\\\WorkPlace\\\\Projects\\\\amazon-clone\\\\functions\\\\node_modules\\\\firebase-functions\\\\lib\\\\v1\\\\index.js\"}"}}
[debug] [2023-09-25T11:40:18.315Z] [runtime-status] [22504] firebase-admin has been stubbed. {"adminResolution":{"declared":true,"installed":true,"version":"11.10.1","resolution":"C:\\WorkPlace\\Projects\\amazon-clone\\functions\\node_modules\\firebase-admin\\lib\\index.js"}} {"metadata":{"emulator":{"name":"functions"},"function":{"name":"us-central1-api"},"extension":{},"message":"[runtime-status] [22504] firebase-admin has been stubbed. {\"adminResolution\":{\"declared\":true,\"installed\":true,\"version\":\"11.10.1\",\"resolution\":\"C:\\\\WorkPlace\\\\Projects\\\\amazon-clone\\\\functions\\\\node_modules\\\\firebase-admin\\\\lib\\\\index.js\"}}"}}
[debug] [2023-09-25T11:40:19.258Z] [runtime-status] [22960] Functions runtime initialized. {"cwd":"C:\\WorkPlace\\Projects\\amazon-clone\\functions","node_version":"18.15.0"} {"metadata":{"emulator":{"name":"functions"},"function":{"name":"us-central1-api"},"extension":{},"message":"[runtime-status] [22960] Functions runtime initialized. {\"cwd\":\"C:\\\\WorkPlace\\\\Projects\\\\amazon-clone\\\\functions\",\"node_version\":\"18.15.0\"}"}}
[debug] [2023-09-25T11:40:19.259Z] [runtime-status] [22960] Listening to port: \\?\pipe\fire_emu_62bd2fce7ec3f2f5 {"metadata":{"emulator":{"name":"functions"},"function":{"name":"us-central1-api"},"extension":{},"message":"[runtime-status] [22960] Listening to port: \\\\?\\pipe\\fire_emu_62bd2fce7ec3f2f5"}}
[debug] [2023-09-25T11:40:19.283Z] [runtime-status] [22504] Functions runtime initialized. {"cwd":"C:\\WorkPlace\\Projects\\amazon-clone\\functions","node_version":"18.15.0"} {"metadata":{"emulator":{"name":"functions"},"function":{"name":"us-central1-api"},"extension":{},"message":"[runtime-status] [22504] Functions runtime initialized. {\"cwd\":\"C:\\\\WorkPlace\\\\Projects\\\\amazon-clone\\\\functions\",\"node_version\":\"18.15.0\"}"}}
[debug] [2023-09-25T11:40:19.284Z] [runtime-status] [22504] Listening to port: \\?\pipe\fire_emu_725cca38332383ba {"metadata":{"emulator":{"name":"functions"},"function":{"name":"us-central1-api"},"extension":{},"message":"[runtime-status] [22504] Listening to port: \\\\?\\pipe\\fire_emu_725cca38332383ba"}}
[debug] [2023-09-25T11:40:19.331Z] [worker-us-central1-api-a149c954-0aa9-4b25-941c-0ca23255e5d0]: IDLE {"metadata":{"emulator":{"name":"functions"},"function":{"name":"us-central1-api"},"extension":{},"message":"[worker-us-central1-api-a149c954-0aa9-4b25-941c-0ca23255e5d0]: IDLE"}}
[debug] [2023-09-25T11:40:19.332Z] [worker-pool] submitRequest(triggerId=us-central1-api) {"metadata":{"emulator":{"name":"functions"},"message":"[worker-pool] submitRequest(triggerId=us-central1-api)"}}
[info] i  functions: Beginning execution of "us-central1-api" {"metadata":{"emulator":{"name":"functions"},"function":{"name":"us-central1-api"},"extension":{},"message":"Beginning execution of \"us-central1-api\""}}
[debug] [2023-09-25T11:40:19.335Z] [worker-us-central1-api-a149c954-0aa9-4b25-941c-0ca23255e5d0]: BUSY {"metadata":{"emulator":{"name":"functions"},"function":{"name":"us-central1-api"},"extension":{},"message":"[worker-us-central1-api-a149c954-0aa9-4b25-941c-0ca23255e5d0]: BUSY"}}
[info] >  Payment Request Recieved BOOM!!! for this amount >>>  34250544 {"user":"Payment Request Recieved BOOM!!! for this amount >>>  34250544","metadata":{"emulator":{"name":"functions"},"function":{"name":"us-central1-api"},"extension":{},"message":"\u001b[90m> \u001b[39m Payment Request Recieved BOOM!!! for this amount >>>  34250544"}}
[debug] [2023-09-25T11:40:19.376Z] [worker-us-central1-api-99a127e5-1a08-45eb-8443-7f60780e0add]: IDLE {"metadata":{"emulator":{"name":"functions"},"function":{"name":"us-central1-api"},"extension":{},"message":"[worker-us-central1-api-99a127e5-1a08-45eb-8443-7f60780e0add]: IDLE"}}
[debug] [2023-09-25T11:40:19.377Z] [worker-pool] submitRequest(triggerId=us-central1-api) {"metadata":{"emulator":{"name":"functions"},"message":"[worker-pool] submitRequest(triggerId=us-central1-api)"}}
[info] i  functions: Beginning execution of "us-central1-api" {"metadata":{"emulator":{"name":"functions"},"function":{"name":"us-central1-api"},"extension":{},"message":"Beginning execution of \"us-central1-api\""}}
[debug] [2023-09-25T11:40:19.379Z] [worker-us-central1-api-99a127e5-1a08-45eb-8443-7f60780e0add]: BUSY {"metadata":{"emulator":{"name":"functions"},"function":{"name":"us-central1-api"},"extension":{},"message":"[worker-us-central1-api-99a127e5-1a08-45eb-8443-7f60780e0add]: BUSY"}}
[info] >  Payment Request Recieved BOOM!!! for this amount >>>  34250544 {"user":"Payment Request Recieved BOOM!!! for this amount >>>  34250544","metadata":{"emulator":{"name":"functions"},"function":{"name":"us-central1-api"},"extension":{},"message":"\u001b[90m> \u001b[39m Payment Request Recieved BOOM!!! for this amount >>>  34250544"}}
[debug] [2023-09-25T11:40:20.057Z] Finishing up request with event=pause {"metadata":{"emulator":{"name":"functions"},"function":{"name":"us-central1-api"},"extension":{},"message":"Finishing up request with event=pause"}}
[info] i  functions: Finished "us-central1-api" in 723.2685ms {"metadata":{"emulator":{"name":"functions"},"function":{"name":"us-central1-api"},"extension":{},"message":"Finished \"us-central1-api\" in 723.2685ms"}}
[debug] [2023-09-25T11:40:20.059Z] [worker-us-central1-api-a149c954-0aa9-4b25-941c-0ca23255e5d0]: IDLE {"metadata":{"emulator":{"name":"functions"},"function":{"name":"us-central1-api"},"extension":{},"message":"[worker-us-central1-api-a149c954-0aa9-4b25-941c-0ca23255e5d0]: IDLE"}}
[debug] [2023-09-25T11:40:20.059Z] Finishing up request with event=finish {"metadata":{"emulator":{"name":"functions"},"function":{"name":"us-central1-api"},"extension":{},"message":"Finishing up request with event=finish"}}
[debug] [2023-09-25T11:40:20.060Z] Finishing up request with event=close {"metadata":{"emulator":{"name":"functions"},"function":{"name":"us-central1-api"},"extension":{},"message":"Finishing up request with event=close"}}
[debug] [2023-09-25T11:40:20.060Z] [work-queue] {"queuedWork":[],"queueLength":0,"runningWork":["/clone-a1d91/us-central1/api/payments/create-2023-09-25T11:40:11.984Z"],"workRunningCount":1}
[debug] [2023-09-25T11:40:20.062Z] Finishing up request with event=pause {"metadata":{"emulator":{"name":"functions"},"function":{"name":"us-central1-api"},"extension":{},"message":"Finishing up request with event=pause"}}
[info] i  functions: Finished "us-central1-api" in 683.0983ms {"metadata":{"emulator":{"name":"functions"},"function":{"name":"us-central1-api"},"extension":{},"message":"Finished \"us-central1-api\" in 683.0983ms"}}
[debug] [2023-09-25T11:40:20.063Z] [worker-us-central1-api-99a127e5-1a08-45eb-8443-7f60780e0add]: IDLE {"metadata":{"emulator":{"name":"functions"},"function":{"name":"us-central1-api"},"extension":{},"message":"[worker-us-central1-api-99a127e5-1a08-45eb-8443-7f60780e0add]: IDLE"}}
[debug] [2023-09-25T11:40:20.063Z] Finishing up request with event=finish {"metadata":{"emulator":{"name":"functions"},"function":{"name":"us-central1-api"},"extension":{},"message":"Finishing up request with event=finish"}}
[debug] [2023-09-25T11:40:20.064Z] Finishing up request with event=close {"metadata":{"emulator":{"name":"functions"},"function":{"name":"us-central1-api"},"extension":{},"message":"Finishing up request with event=close"}}
[debug] [2023-09-25T11:40:20.064Z] [work-queue] {"queuedWork":[],"queueLength":0,"runningWork":[],"workRunningCount":0}
